<?xml version="1.0" encoding="utf-8"?><testsuites><testsuite name="pytest" errors="0" failures="0" skipped="0" tests="3" time="0.857" timestamp="2024-11-11T16:02:37.430305" hostname="ivan-550XDA"><testcase classname="examples_rclpy_guard_conditions.guard_conditions.test.test_copyright" name="test_copyright" time="0.341" /><testcase classname="examples_rclpy_guard_conditions.guard_conditions.test.test_flake8" name="test_flake8" time="0.347" /><testcase classname="examples_rclpy_guard_conditions.guard_conditions.test.test_pep257" name="test_pep257" time="0.050" /></testsuite></testsuites>