<?xml version="1.0" encoding="utf-8"?><testsuites><testsuite name="pytest" errors="0" failures="0" skipped="0" tests="3" time="1.124" timestamp="2024-11-11T16:02:37.240075" hostname="ivan-550XDA"><testcase classname="examples_rclpy_executors.executors.test.test_copyright" name="test_copyright" time="0.777" /><testcase classname="examples_rclpy_executors.executors.test.test_flake8" name="test_flake8" time="0.203" /><testcase classname="examples_rclpy_executors.executors.test.test_pep257" name="test_pep257" time="0.059" /></testsuite></testsuites>